<?xml version="1.0" encoding="UTF-8"?>
<!-- Generated by org.testng.reporters.JUnitReportReporter -->
<testsuite hostname="DESKTOP-G71SC7S" failures="0" tests="4" name="drivers.testng.TestNGDriver" time="0.071" errors="1" timestamp="29 Mar 2021 11:28:38 GMT" skipped="3">
  <testcase classname="drivers.testng.TestNGDriver" name="setupTest" time="0.071">
    <error message="D:\Codes\Java\Eclipse-Workspace\SeleniumFramework\test-resources\drivers\testng\test.properties (The system cannot find the path specified)" type="java.io.FileNotFoundException">
      <![CDATA[java.io.FileNotFoundException: D:\Codes\Java\Eclipse-Workspace\SeleniumFramework\test-resources\drivers\testng\test.properties (The system cannot find the path specified)
at java.base/java.io.FileInputStream.open0(Native Method)
at java.base/java.io.FileInputStream.open(FileInputStream.java:211)
at java.base/java.io.FileInputStream.<init>(FileInputStream.java:153)
at java.base/java.io.FileInputStream.<init>(FileInputStream.java:108)
at java.base/java.io.FileReader.<init>(FileReader.java:60)
at framework.automation.selenium.core.utils.TestPropertyUtil.loadFromFile(TestPropertyUtil.java:27)
at drivers.testng.TestNGDriver.setupTest(TestNGDriver.java:64)
at java.base/jdk.internal.reflect.NativeMethodAccessorImpl.invoke0(Native Method)
at java.base/jdk.internal.reflect.NativeMethodAccessorImpl.invoke(NativeMethodAccessorImpl.java:64)
at java.base/jdk.internal.reflect.DelegatingMethodAccessorImpl.invoke(DelegatingMethodAccessorImpl.java:43)
at java.base/java.lang.reflect.Method.invoke(Method.java:564)
at org.testng.internal.MethodInvocationHelper.invokeMethod(MethodInvocationHelper.java:124)
at org.testng.internal.MethodInvocationHelper.invokeMethodConsideringTimeout(MethodInvocationHelper.java:59)
at org.testng.internal.Invoker.invokeConfigurationMethod(Invoker.java:458)
at org.testng.internal.Invoker.invokeConfigurations(Invoker.java:222)
at org.testng.internal.Invoker.invokeConfigurations(Invoker.java:142)
at org.testng.TestRunner.beforeRun(TestRunner.java:529)
at org.testng.TestRunner.run(TestRunner.java:497)
at org.testng.SuiteRunner.runTest(SuiteRunner.java:455)
at org.testng.SuiteRunner.runSequentially(SuiteRunner.java:450)
at org.testng.SuiteRunner.privateRun(SuiteRunner.java:415)
at org.testng.SuiteRunner.run(SuiteRunner.java:364)
at org.testng.SuiteRunnerWorker.runSuite(SuiteRunnerWorker.java:52)
at org.testng.SuiteRunnerWorker.run(SuiteRunnerWorker.java:84)
at org.testng.TestNG.runSuitesSequentially(TestNG.java:1208)
at org.testng.TestNG.runSuitesLocally(TestNG.java:1137)
at org.testng.TestNG.runSuites(TestNG.java:1049)
at org.testng.TestNG.run(TestNG.java:1017)
at org.testng.remote.AbstractRemoteTestNG.run(AbstractRemoteTestNG.java:115)
at org.testng.remote.RemoteTestNG.initAndRun(RemoteTestNG.java:251)
at org.testng.remote.RemoteTestNG.main(RemoteTestNG.java:77)
]]>
    </error>
  </testcase> <!-- setupTest -->
  <testcase classname="drivers.testng.TestNGDriver" name="startTest" time="0.000">
    <skipped/>
  </testcase> <!-- startTest -->
  <testcase classname="drivers.testng.TestNGDriver" name="executeKeyword" time="0.000">
    <skipped/>
  </testcase> <!-- executeKeyword -->
  <testcase classname="drivers.testng.TestNGDriver" name="endTest" time="0.000">
    <skipped/>
  </testcase> <!-- endTest -->
</testsuite> <!-- drivers.testng.TestNGDriver -->
